Unity Editor version:    2022.3.5f1 (9674261d40ee)
Branch:                  2022.3/release
Build type:              Release
Batch mode:              YES
macOS version:           Version 14.0 (Build 23A5286i)
Darwin version:          23.0.0
Architecture:            arm64
Running under Rosetta:   NO
Available memory:        8192 MB
Using pre-set license
Pro License: YES

COMMAND LINE ARGUMENTS:
/Applications/Unity/Hub/Editor/2022.3.5f1/Unity.app/Contents/MacOS/Unity
-adb2
-batchMode
-noUpm
-name
AssetImportWorker0
-projectPath
/Users/muneerahmed/Documents/GitHub/newUi.G/My project (13)
-logFile
Logs/AssetImportWorker0.log
-srvPort
51761
Successfully changed project path to: /Users/muneerahmed/Documents/GitHub/newUi.G/My project (13)
/Users/muneerahmed/Documents/GitHub/newUi.G/My project (13)
[UnityMemory] Configuration Parameters - Can be set up in boot.config
    "memorysetup-bucket-allocator-granularity=16"
    "memorysetup-bucket-allocator-bucket-count=8"
    "memorysetup-bucket-allocator-block-size=33554432"
    "memorysetup-bucket-allocator-block-count=8"
    "memorysetup-main-allocator-block-size=16777216"
    "memorysetup-thread-allocator-block-size=16777216"
    "memorysetup-gfx-main-allocator-block-size=16777216"
    "memorysetup-gfx-thread-allocator-block-size=16777216"
    "memorysetup-cache-allocator-block-size=4194304"
    "memorysetup-typetree-allocator-block-size=2097152"
    "memorysetup-profiler-bucket-allocator-granularity=16"
    "memorysetup-profiler-bucket-allocator-bucket-count=8"
    "memorysetup-profiler-bucket-allocator-block-size=33554432"
    "memorysetup-profiler-bucket-allocator-block-count=8"
    "memorysetup-profiler-allocator-block-size=16777216"
    "memorysetup-profiler-editor-allocator-block-size=1048576"
    "memorysetup-temp-allocator-size-main=16777216"
    "memorysetup-job-temp-allocator-block-size=2097152"
    "memorysetup-job-temp-allocator-block-size-background=1048576"
    "memorysetup-job-temp-allocator-reduction-small-platforms=262144"
    "memorysetup-allocator-temp-initial-block-size-main=262144"
    "memorysetup-allocator-temp-initial-block-size-worker=262144"
    "memorysetup-temp-allocator-size-background-worker=32768"
    "memorysetup-temp-allocator-size-job-worker=262144"
    "memorysetup-temp-allocator-size-preload-manager=33554432"
    "memorysetup-temp-allocator-size-nav-mesh-worker=65536"
    "memorysetup-temp-allocator-size-audio-worker=65536"
    "memorysetup-temp-allocator-size-cloud-worker=32768"
    "memorysetup-temp-allocator-size-gi-baking-worker=262144"
    "memorysetup-temp-allocator-size-gfx=262144"
Player connection [8107586176] Host "[IP] 192.168.1.249 [Port] 0 [Flags] 2 [Guid] 3305618042 [EditorId] 3305618042 [Version] 1048832 [Id] OSXEditor(0,mUNEERs-Mini.lan) [Debug] 1 [PackageName] OSXEditor [ProjectName] Editor" joined multi-casting on [225.0.0.222:54997]...

Player connection [8107586176] Host "[IP] 192.168.1.249 [Port] 0 [Flags] 2 [Guid] 3305618042 [EditorId] 3305618042 [Version] 1048832 [Id] OSXEditor(0,mUNEERs-Mini.lan) [Debug] 1 [PackageName] OSXEditor [ProjectName] Editor" joined alternative multi-casting on [225.0.0.222:34997]...

Refreshing native plugins compatible for Editor in 13.61 ms, found 2 plugins.
Preloading 0 native plugins for Editor in 0.00 ms.
Initialize engine version: 2022.3.5f1 (9674261d40ee)
[Subsystems] Discovering subsystems at path /Applications/Unity/Hub/Editor/2022.3.5f1/Unity.app/Contents/Resources/UnitySubsystems
[Subsystems] Discovering subsystems at path /Users/muneerahmed/Documents/GitHub/newUi.G/My project (13)/Assets
GfxDevice: creating device client; threaded=0; jobified=0
 preferred device: Apple M1 (high power)
Metal devices available: 1
0: Apple M1 (high power)
Using device Apple M1 (high power)
Initializing Metal device caps: Apple M1
Initialize mono
Mono path[0] = '/Applications/Unity/Hub/Editor/2022.3.5f1/Unity.app/Contents/Managed'
Mono path[1] = '/Applications/Unity/Hub/Editor/2022.3.5f1/Unity.app/Contents/MonoBleedingEdge/lib/mono/unityjit-macos'
Mono config path = '/Applications/Unity/Hub/Editor/2022.3.5f1/Unity.app/Contents/MonoBleedingEdge/etc'
Using monoOptions --debugger-agent=transport=dt_socket,embedding=1,server=y,suspend=n,address=127.0.0.1:56824
Begin MonoManager ReloadAssembly
Registering precompiled unity dll's ...
Register platform support module: /Applications/Unity/Hub/Editor/2022.3.5f1/Unity.app/Contents/PlaybackEngines/MacStandaloneSupport/UnityEditor.OSXStandalone.Extensions.dll
Register platform support module: /Applications/Unity/Hub/Editor/2022.3.5f1/PlaybackEngines/AndroidPlayer/UnityEditor.Android.Extensions.dll
Registered in 0.003100 seconds.
- Loaded All Assemblies, in  0.254 seconds
Native extension for Android target not found
Android Extension - Scanning For ADB Devices 76 ms
Native extension for OSXStandalone target not found
Mono: successfully reloaded assembly
- Finished resetting the current domain, in  0.284 seconds
Domain Reload Profiling: 538ms
	BeginReloadAssembly (83ms)
		ExecutionOrderSort (0ms)
		DisableScriptedObjects (0ms)
		BackupInstance (0ms)
		ReleaseScriptingObjects (0ms)
		CreateAndSetChildDomain (0ms)
	RebuildCommonClasses (24ms)
	RebuildNativeTypeToScriptingClass (8ms)
	initialDomainReloadingComplete (35ms)
	LoadAllAssembliesAndSetupDomain (104ms)
		LoadAssemblies (83ms)
		RebuildTransferFunctionScriptingTraits (0ms)
		AnalyzeDomain (101ms)
			TypeCache.Refresh (101ms)
				TypeCache.ScanAssembly (93ms)
			ScanForSourceGeneratedMonoScriptInfo (0ms)
			ResolveRequiredComponents (0ms)
	FinalizeReload (284ms)
		ReleaseScriptCaches (0ms)
		RebuildScriptCaches (0ms)
		SetupLoadedEditorAssemblies (244ms)
			LogAssemblyErrors (0ms)
			InitializePlatformSupportModulesInManaged (157ms)
			SetLoadedEditorAssemblies (3ms)
			RefreshPlugins (0ms)
			BeforeProcessingInitializeOnLoad (1ms)
			ProcessInitializeOnLoadAttributes (56ms)
			ProcessInitializeOnLoadMethodAttributes (27ms)
			AfterProcessingInitializeOnLoad (0ms)
			EditorAssembliesLoaded (0ms)
		ExecutionOrderSort2 (0ms)
		AwakeInstancesAfterBackupRestoration (0ms)
========================================================================
Worker process is ready to serve import requests
Begin MonoManager ReloadAssembly
Symbol file LoadedFromMemory doesn't match image /Users/muneerahmed/Documents/GitHub/newUi.G/My project (13)/Library/PackageCache/com.unity.visualscripting@1.8.0/Editor/VisualScripting.Core/Dependencies/YamlDotNet/Unity.VisualScripting.YamlDotNet.dll
Symbol file LoadedFromMemory doesn't match image /Users/muneerahmed/Documents/GitHub/newUi.G/My project (13)/Library/PackageCache/com.unity.visualscripting@1.8.0/Editor/VisualScripting.Core/Dependencies/DotNetZip/Unity.VisualScripting.IonicZip.dll
- Loaded All Assemblies, in  0.587 seconds
Refreshing native plugins compatible for Editor in 0.88 ms, found 2 plugins.
Native extension for Android target not found
Native extension for OSXStandalone target not found
w32error-unix.c: unknown error (60) "Operation timed out"
System.IO.IOException: Win32 IO returned ERROR_NOT_SUPPORTED. Path: /Users/muneerahmed/Documents/GitHub/newUi.G/My project (13)/ProjectSettings/Packages/com.unity.testtools.codecoverage/Settings.json
  at System.IO.FileStream.ReadData (System.Runtime.InteropServices.SafeHandle safeHandle, System.Byte[] buf, System.Int32 offset, System.Int32 count) [0x0002d] in <eaa95166e74c4ae1a419b6aa5baf90b9>:0 
  at System.IO.FileStream.ReadInternal (System.Byte[] dest, System.Int32 offset, System.Int32 count) [0x00026] in <eaa95166e74c4ae1a419b6aa5baf90b9>:0 
  at System.IO.FileStream.Read (System.Byte[] array, System.Int32 offset, System.Int32 count) [0x000a1] in <eaa95166e74c4ae1a419b6aa5baf90b9>:0 
  at System.IO.StreamReader.ReadBuffer () [0x00028] in <eaa95166e74c4ae1a419b6aa5baf90b9>:0 
  at System.IO.StreamReader.ReadToEnd () [0x00059] in <eaa95166e74c4ae1a419b6aa5baf90b9>:0 
  at System.IO.File.InternalReadAllText (System.String path, System.Text.Encoding encoding) [0x00009] in <eaa95166e74c4ae1a419b6aa5baf90b9>:0 
  at System.IO.File.ReadAllText (System.String path) [0x0002c] in <eaa95166e74c4ae1a419b6aa5baf90b9>:0 
  at UnityEditor.SettingsManagement.FileSettingsRepository.TryLoadSavedJson (System.String& json) [0x00016] in ./Library/PackageCache/com.unity.settings-manager@2.0.1/Editor/FileSettingsRepository.cs:104 
  at UnityEditor.SettingsManagement.FileSettingsRepository.Init () [0x00010] in ./Library/PackageCache/com.unity.settings-manager@2.0.1/Editor/FileSettingsRepository.cs:53 
  at UnityEditor.SettingsManagement.FileSettingsRepository.ContainsKey[T] (System.String key) [0x00000] in ./Library/PackageCache/com.unity.settings-manager@2.0.1/Editor/FileSettingsRepository.cs:198 
  at UnityEditor.SettingsManagement.Settings.ContainsKey[T,K] (System.String key, System.String repositoryName) [0x0002d] in ./Library/PackageCache/com.unity.settings-manager@2.0.1/Editor/Settings.cs:249 
  at UnityEditor.SettingsManagement.Settings.ContainsKey[T] (System.String key, UnityEditor.SettingsScope scope) [0x00004] in ./Library/PackageCache/com.unity.settings-manager@2.0.1/Editor/Settings.cs:217 
  at UnityEditor.TestTools.CodeCoverage.CoveragePreferencesImplementation.GetBool (System.String key, System.Boolean defaultValue, UnityEditor.SettingsScope scope) [0x00000] in ./Library/PackageCache/com.unity.testtools.codecoverage@1.2.4/Editor/CoveragePreferences.cs:40 
  at UnityEditor.TestTools.CodeCoverage.CoverageReporterStarter..cctor () [0x0000c] in ./Library/PackageCache/com.unity.testtools.codecoverage@1.2.4/Editor/CoverageReporterListener.cs:148 
UnityEngine.StackTraceUtility:ExtractStackTrace () (at /Users/bokken/build/output/unity/unity/Runtime/Export/Scripting/StackTrace.cs:37)
UnityEngine.DebugLogHandler:LogFormat (UnityEngine.LogType,UnityEngine.Object,string,object[])
UnityEngine.Logger:Log (UnityEngine.LogType,object)
UnityEngine.Debug:LogError (object)
UnityEditor.EditorAssemblies:ProcessInitializeOnLoadAttributes (System.Type[]) (at /Users/bokken/build/output/unity/unity/Editor/Mono/EditorAssemblies.cs:123)

(Filename: /Users/bokken/build/output/unity/unity/Editor/Mono/EditorAssemblies.cs Line: 123)

Mono: successfully reloaded assembly
- Finished resetting the current domain, in  0.376 seconds
Domain Reload Profiling: 963ms
	BeginReloadAssembly (77ms)
		ExecutionOrderSort (0ms)
		DisableScriptedObjects (3ms)
		BackupInstance (0ms)
		ReleaseScriptingObjects (0ms)
		CreateAndSetChildDomain (22ms)
	RebuildCommonClasses (23ms)
	RebuildNativeTypeToScriptingClass (8ms)
	initialDomainReloadingComplete (23ms)
	LoadAllAssembliesAndSetupDomain (454ms)
		LoadAssemblies (275ms)
		RebuildTransferFunctionScriptingTraits (0ms)
		AnalyzeDomain (208ms)
			TypeCache.Refresh (197ms)
				TypeCache.ScanAssembly (188ms)
			ScanForSourceGeneratedMonoScriptInfo (8ms)
			ResolveRequiredComponents (3ms)
	FinalizeReload (376ms)
		ReleaseScriptCaches (0ms)
		RebuildScriptCaches (0ms)
		SetupLoadedEditorAssemblies (268ms)
			LogAssemblyErrors (0ms)
			InitializePlatformSupportModulesInManaged (13ms)
			SetLoadedEditorAssemblies (3ms)
			RefreshPlugins (0ms)
			BeforeProcessingInitializeOnLoad (34ms)
			ProcessInitializeOnLoadAttributes (206ms)
			ProcessInitializeOnLoadMethodAttributes (11ms)
			AfterProcessingInitializeOnLoad (1ms)
			EditorAssembliesLoaded (0ms)
		ExecutionOrderSort2 (0ms)
		AwakeInstancesAfterBackupRestoration (3ms)
Launching external process: /Applications/Unity/Hub/Editor/2022.3.5f1/Unity.app/Contents/Tools/UnityShaderCompiler
Launched and connected shader compiler UnityShaderCompiler after 0.05 seconds
Refreshing native plugins compatible for Editor in 1.22 ms, found 2 plugins.
Preloading 0 native plugins for Editor in 0.00 ms.
Unloading 3448 Unused Serialized files (Serialized files now loaded: 0)
Unloading 38 unused Assets / (51.4 KB). Loaded Objects now: 3916.
Memory consumption went from 133.7 MB to 133.7 MB.
Total: 2.531458 ms (FindLiveObjects: 0.117208 ms CreateObjectMapping: 0.041167 ms MarkObjects: 2.291792 ms  DeleteObjects: 0.080709 ms)

AssetImportParameters requested are different than current active one (requested -> active):
  custom:container-demuxer-ogg: 62fdf1f143b41e24485cea50d1cbac27 -> 
  custom:video-decoder-ogg-theora: a1e56fd34408186e4bbccfd4996cb3dc -> 
  custom:CustomObjectIndexerAttribute: 756ad292c208cfabdd7b50bc23989ffe -> 
  custom:container-demuxer-webm: 4f35f7cbe854078d1ac9338744f61a02 -> 
  custom:container-muxer-webm: aa71ff27fc2769a1b78a27578f13a17b -> 
  custom:video-decoder-webm-vp8: 9c59270c3fd7afecdb556c50c9e8de78 -> 
  custom:AudioImporter_EditorPlatform: 3918e3fc78b5a79bad01e8451be0beb8 -> 
  custom:framework-osx-AVFoundation: e770b220cccbd017edd2c1fefb359320 -> 
  custom:video-encoder-webm-vp8: eb34c28f22e8b96e1ab97ce403110664 -> 
  custom:audio-decoder-ogg-vorbis: bf7c407c2cedff20999df2af8eb42d56 -> 
  custom:audio-encoder-webm-vorbis: bf7c407c2cedff20999df2af8eb42d56 -> 
========================================================================
Received Import Request.
  Time since last request: 141895.975256 seconds.
  path: Assets/New Controls.inputactions
  artifactKey: Guid(6095c5377fe824335815b9d9f96b0ec2) Importer(815301076,1909f56bfc062723c751e8b465ee728b)
Start importing Assets/New Controls.inputactions using Guid(6095c5377fe824335815b9d9f96b0ec2) Importer(815301076,1909f56bfc062723c751e8b465ee728b)  -> (artifact id: 'a2e299db77c634a155785cbdcc1fdd5f') in 0.008375 seconds
Number of updated asset objects reloaded before import = 0
Number of asset objects unloaded after import = 2
========================================================================
Received Prepare
Begin MonoManager ReloadAssembly
w32error-unix.c: unknown error (60) "Operation timed out"
IOException: Win32 IO returned ERROR_NOT_SUPPORTED. Path: /Users/muneerahmed/Documents/GitHub/newUi.G/My project (13)/ProjectSettings/Packages/com.unity.testtools.codecoverage/Settings.json
  at System.IO.FileStream..ctor (System.String path, System.IO.FileMode mode, System.IO.FileAccess access, System.IO.FileShare share, System.Int32 bufferSize, System.Boolean anonymous, System.IO.FileOptions options) [0x0019e] in <eaa95166e74c4ae1a419b6aa5baf90b9>:0 
  at System.IO.FileStream..ctor (System.String path, System.IO.FileMode mode, System.IO.FileAccess access, System.IO.FileShare share, System.Int32 bufferSize, System.IO.FileOptions options) [0x00000] in <eaa95166e74c4ae1a419b6aa5baf90b9>:0 
  at (wrapper remoting-invoke-with-check) System.IO.FileStream..ctor(string,System.IO.FileMode,System.IO.FileAccess,System.IO.FileShare,int,System.IO.FileOptions)
  at System.IO.StreamWriter..ctor (System.String path, System.Boolean append, System.Text.Encoding encoding, System.Int32 bufferSize) [0x00055] in <eaa95166e74c4ae1a419b6aa5baf90b9>:0 
  at System.IO.StreamWriter..ctor (System.String path) [0x00008] in <eaa95166e74c4ae1a419b6aa5baf90b9>:0 
  at (wrapper remoting-invoke-with-check) System.IO.StreamWriter..ctor(string)
  at System.IO.File.WriteAllText (System.String path, System.String contents) [0x00026] in <eaa95166e74c4ae1a419b6aa5baf90b9>:0 
  at UnityEditor.SettingsManagement.FileSettingsRepository.Save () [0x000e2] in ./Library/PackageCache/com.unity.settings-manager@2.0.1/Editor/FileSettingsRepository.cs:154 
  at UnityEditor.AssemblyReloadEvents.OnBeforeAssemblyReload () [0x00017] in /Users/bokken/build/output/unity/unity/Editor/Mono/AssemblyReloadEvents.cs:27 

(Filename: ./Library/PackageCache/com.unity.settings-manager@2.0.1/Editor/FileSettingsRepository.cs Line: 154)

Thread 0x298bf7000 may have been prematurely finalized
Symbol file LoadedFromMemory doesn't match image /Users/muneerahmed/Documents/GitHub/newUi.G/My project (13)/Library/PackageCache/com.unity.visualscripting@1.8.0/Editor/VisualScripting.Core/Dependencies/YamlDotNet/Unity.VisualScripting.YamlDotNet.dll
Symbol file LoadedFromMemory doesn't match image /Users/muneerahmed/Documents/GitHub/newUi.G/My project (13)/Library/PackageCache/com.unity.visualscripting@1.8.0/Editor/VisualScripting.Core/Dependencies/DotNetZip/Unity.VisualScripting.IonicZip.dll
- Loaded All Assemblies, in  0.505 seconds
Refreshing native plugins compatible for Editor in 0.91 ms, found 2 plugins.
Native extension for Android target not found
Native extension for OSXStandalone target not found
w32error-unix.c: unknown error (60) "Operation timed out"
System.IO.IOException: Win32 IO returned ERROR_NOT_SUPPORTED. Path: /Users/muneerahmed/Documents/GitHub/newUi.G/My project (13)/ProjectSettings/Packages/com.unity.testtools.codecoverage/Settings.json
  at System.IO.FileStream.ReadData (System.Runtime.InteropServices.SafeHandle safeHandle, System.Byte[] buf, System.Int32 offset, System.Int32 count) [0x0002d] in <eaa95166e74c4ae1a419b6aa5baf90b9>:0 
  at System.IO.FileStream.ReadInternal (System.Byte[] dest, System.Int32 offset, System.Int32 count) [0x00026] in <eaa95166e74c4ae1a419b6aa5baf90b9>:0 
  at System.IO.FileStream.Read (System.Byte[] array, System.Int32 offset, System.Int32 count) [0x000a1] in <eaa95166e74c4ae1a419b6aa5baf90b9>:0 
  at System.IO.StreamReader.ReadBuffer () [0x00028] in <eaa95166e74c4ae1a419b6aa5baf90b9>:0 
  at System.IO.StreamReader.ReadToEnd () [0x00059] in <eaa95166e74c4ae1a419b6aa5baf90b9>:0 
  at System.IO.File.InternalReadAllText (System.String path, System.Text.Encoding encoding) [0x00009] in <eaa95166e74c4ae1a419b6aa5baf90b9>:0 
  at System.IO.File.ReadAllText (System.String path) [0x0002c] in <eaa95166e74c4ae1a419b6aa5baf90b9>:0 
  at UnityEditor.SettingsManagement.FileSettingsRepository.TryLoadSavedJson (System.String& json) [0x00016] in ./Library/PackageCache/com.unity.settings-manager@2.0.1/Editor/FileSettingsRepository.cs:104 
  at UnityEditor.SettingsManagement.FileSettingsRepository.Init () [0x00010] in ./Library/PackageCache/com.unity.settings-manager@2.0.1/Editor/FileSettingsRepository.cs:53 
  at UnityEditor.SettingsManagement.FileSettingsRepository.ContainsKey[T] (System.String key) [0x00000] in ./Library/PackageCache/com.unity.settings-manager@2.0.1/Editor/FileSettingsRepository.cs:198 
  at UnityEditor.SettingsManagement.Settings.ContainsKey[T,K] (System.String key, System.String repositoryName) [0x0002d] in ./Library/PackageCache/com.unity.settings-manager@2.0.1/Editor/Settings.cs:249 
  at UnityEditor.SettingsManagement.Settings.ContainsKey[T] (System.String key, UnityEditor.SettingsScope scope) [0x00004] in ./Library/PackageCache/com.unity.settings-manager@2.0.1/Editor/Settings.cs:217 
  at UnityEditor.TestTools.CodeCoverage.CoveragePreferencesImplementation.GetBool (System.String key, System.Boolean defaultValue, UnityEditor.SettingsScope scope) [0x00000] in ./Library/PackageCache/com.unity.testtools.codecoverage@1.2.4/Editor/CoveragePreferences.cs:40 
  at UnityEditor.TestTools.CodeCoverage.CoverageReporterStarter..cctor () [0x0000c] in ./Library/PackageCache/com.unity.testtools.codecoverage@1.2.4/Editor/CoverageReporterListener.cs:148 
UnityEngine.StackTraceUtility:ExtractStackTrace () (at /Users/bokken/build/output/unity/unity/Runtime/Export/Scripting/StackTrace.cs:37)
UnityEngine.DebugLogHandler:LogFormat (UnityEngine.LogType,UnityEngine.Object,string,object[])
UnityEngine.Logger:Log (UnityEngine.LogType,object)
UnityEngine.Debug:LogError (object)
UnityEditor.EditorAssemblies:ProcessInitializeOnLoadAttributes (System.Type[]) (at /Users/bokken/build/output/unity/unity/Editor/Mono/EditorAssemblies.cs:123)

(Filename: /Users/bokken/build/output/unity/unity/Editor/Mono/EditorAssemblies.cs Line: 123)

Mono: successfully reloaded assembly
- Finished resetting the current domain, in  0.616 seconds
Domain Reload Profiling: 1120ms
	BeginReloadAssembly (149ms)
		ExecutionOrderSort (0ms)
		DisableScriptedObjects (3ms)
		BackupInstance (0ms)
		ReleaseScriptingObjects (0ms)
		CreateAndSetChildDomain (32ms)
	RebuildCommonClasses (23ms)
	RebuildNativeTypeToScriptingClass (8ms)
	initialDomainReloadingComplete (14ms)
	LoadAllAssembliesAndSetupDomain (310ms)
		LoadAssemblies (149ms)
		RebuildTransferFunctionScriptingTraits (0ms)
		AnalyzeDomain (187ms)
			TypeCache.Refresh (184ms)
				TypeCache.ScanAssembly (177ms)
			ScanForSourceGeneratedMonoScriptInfo (0ms)
			ResolveRequiredComponents (3ms)
	FinalizeReload (616ms)
		ReleaseScriptCaches (0ms)
		RebuildScriptCaches (0ms)
		SetupLoadedEditorAssemblies (242ms)
			LogAssemblyErrors (0ms)
			InitializePlatformSupportModulesInManaged (14ms)
			SetLoadedEditorAssemblies (3ms)
			RefreshPlugins (0ms)
			BeforeProcessingInitializeOnLoad (40ms)
			ProcessInitializeOnLoadAttributes (173ms)
			ProcessInitializeOnLoadMethodAttributes (10ms)
			AfterProcessingInitializeOnLoad (1ms)
			EditorAssembliesLoaded (0ms)
		ExecutionOrderSort2 (0ms)
		AwakeInstancesAfterBackupRestoration (2ms)
Refreshing native plugins compatible for Editor in 0.98 ms, found 2 plugins.
Preloading 0 native plugins for Editor in 0.00 ms.
Unloading 3438 Unused Serialized files (Serialized files now loaded: 0)
Unloading 23 unused Assets / (31.1 KB). Loaded Objects now: 3920.
Memory consumption went from 137.4 MB to 137.3 MB.
Total: 2.609791 ms (FindLiveObjects: 0.137416 ms CreateObjectMapping: 0.045958 ms MarkObjects: 2.387083 ms  DeleteObjects: 0.038959 ms)

Prepare: number of updated asset objects reloaded= 0
AssetImportParameters requested are different than current active one (requested -> active):
  custom:container-demuxer-ogg: 62fdf1f143b41e24485cea50d1cbac27 -> 
  custom:video-decoder-ogg-theora: a1e56fd34408186e4bbccfd4996cb3dc -> 
  custom:CustomObjectIndexerAttribute: 756ad292c208cfabdd7b50bc23989ffe -> 
  custom:container-demuxer-webm: 4f35f7cbe854078d1ac9338744f61a02 -> 
  custom:container-muxer-webm: aa71ff27fc2769a1b78a27578f13a17b -> 
  custom:video-decoder-webm-vp8: 9c59270c3fd7afecdb556c50c9e8de78 -> 
  custom:AudioImporter_EditorPlatform: 3918e3fc78b5a79bad01e8451be0beb8 -> 
  custom:framework-osx-AVFoundation: e770b220cccbd017edd2c1fefb359320 -> 
  custom:video-encoder-webm-vp8: eb34c28f22e8b96e1ab97ce403110664 -> 
  custom:audio-decoder-ogg-vorbis: bf7c407c2cedff20999df2af8eb42d56 -> 
  custom:audio-encoder-webm-vorbis: bf7c407c2cedff20999df2af8eb42d56 -> 
========================================================================
Received Import Request.
  Time since last request: 131.610619 seconds.
  path: Assets/Canvas.controller
  artifactKey: Guid(2d28905b641554e948af53d5d48f5a9e) Importer(815301076,1909f56bfc062723c751e8b465ee728b)
Start importing Assets/Canvas.controller using Guid(2d28905b641554e948af53d5d48f5a9e) Importer(815301076,1909f56bfc062723c751e8b465ee728b)  -> (artifact id: 'a8405090785afd026b143b52d70b44a2') in 0.013803 seconds
Number of updated asset objects reloaded before import = 0
Number of asset objects unloaded after import = 14
========================================================================
Received Prepare
Begin MonoManager ReloadAssembly
w32error-unix.c: unknown error (60) "Operation timed out"
IOException: Win32 IO returned ERROR_NOT_SUPPORTED. Path: /Users/muneerahmed/Documents/GitHub/newUi.G/My project (13)/ProjectSettings/Packages/com.unity.testtools.codecoverage/Settings.json
  at System.IO.FileStream..ctor (System.String path, System.IO.FileMode mode, System.IO.FileAccess access, System.IO.FileShare share, System.Int32 bufferSize, System.Boolean anonymous, System.IO.FileOptions options) [0x0019e] in <eaa95166e74c4ae1a419b6aa5baf90b9>:0 
  at System.IO.FileStream..ctor (System.String path, System.IO.FileMode mode, System.IO.FileAccess access, System.IO.FileShare share, System.Int32 bufferSize, System.IO.FileOptions options) [0x00000] in <eaa95166e74c4ae1a419b6aa5baf90b9>:0 
  at (wrapper remoting-invoke-with-check) System.IO.FileStream..ctor(string,System.IO.FileMode,System.IO.FileAccess,System.IO.FileShare,int,System.IO.FileOptions)
  at System.IO.StreamWriter..ctor (System.String path, System.Boolean append, System.Text.Encoding encoding, System.Int32 bufferSize) [0x00055] in <eaa95166e74c4ae1a419b6aa5baf90b9>:0 
  at System.IO.StreamWriter..ctor (System.String path) [0x00008] in <eaa95166e74c4ae1a419b6aa5baf90b9>:0 
  at (wrapper remoting-invoke-with-check) System.IO.StreamWriter..ctor(string)
  at System.IO.File.WriteAllText (System.String path, System.String contents) [0x00026] in <eaa95166e74c4ae1a419b6aa5baf90b9>:0 
  at UnityEditor.SettingsManagement.FileSettingsRepository.Save () [0x000e2] in ./Library/PackageCache/com.unity.settings-manager@2.0.1/Editor/FileSettingsRepository.cs:154 
  at UnityEditor.AssemblyReloadEvents.OnBeforeAssemblyReload () [0x00017] in /Users/bokken/build/output/unity/unity/Editor/Mono/AssemblyReloadEvents.cs:27 

(Filename: ./Library/PackageCache/com.unity.settings-manager@2.0.1/Editor/FileSettingsRepository.cs Line: 154)

Thread 0x28ae47000 may have been prematurely finalized
Symbol file LoadedFromMemory doesn't match image /Users/muneerahmed/Documents/GitHub/newUi.G/My project (13)/Library/PackageCache/com.unity.visualscripting@1.8.0/Editor/VisualScripting.Core/Dependencies/YamlDotNet/Unity.VisualScripting.YamlDotNet.dll
Symbol file LoadedFromMemory doesn't match image /Users/muneerahmed/Documents/GitHub/newUi.G/My project (13)/Library/PackageCache/com.unity.visualscripting@1.8.0/Editor/VisualScripting.Core/Dependencies/DotNetZip/Unity.VisualScripting.IonicZip.dll
- Loaded All Assemblies, in  0.494 seconds
Refreshing native plugins compatible for Editor in 0.90 ms, found 2 plugins.
Native extension for Android target not found
Native extension for OSXStandalone target not found
w32error-unix.c: unknown error (60) "Operation timed out"
System.IO.IOException: Win32 IO returned ERROR_NOT_SUPPORTED. Path: /Users/muneerahmed/Documents/GitHub/newUi.G/My project (13)/ProjectSettings/Packages/com.unity.testtools.codecoverage/Settings.json
  at System.IO.FileStream.ReadData (System.Runtime.InteropServices.SafeHandle safeHandle, System.Byte[] buf, System.Int32 offset, System.Int32 count) [0x0002d] in <eaa95166e74c4ae1a419b6aa5baf90b9>:0 
  at System.IO.FileStream.ReadInternal (System.Byte[] dest, System.Int32 offset, System.Int32 count) [0x00026] in <eaa95166e74c4ae1a419b6aa5baf90b9>:0 
  at System.IO.FileStream.Read (System.Byte[] array, System.Int32 offset, System.Int32 count) [0x000a1] in <eaa95166e74c4ae1a419b6aa5baf90b9>:0 
  at System.IO.StreamReader.ReadBuffer () [0x00028] in <eaa95166e74c4ae1a419b6aa5baf90b9>:0 
  at System.IO.StreamReader.ReadToEnd () [0x00059] in <eaa95166e74c4ae1a419b6aa5baf90b9>:0 
  at System.IO.File.InternalReadAllText (System.String path, System.Text.Encoding encoding) [0x00009] in <eaa95166e74c4ae1a419b6aa5baf90b9>:0 
  at System.IO.File.ReadAllText (System.String path) [0x0002c] in <eaa95166e74c4ae1a419b6aa5baf90b9>:0 
  at UnityEditor.SettingsManagement.FileSettingsRepository.TryLoadSavedJson (System.String& json) [0x00016] in ./Library/PackageCache/com.unity.settings-manager@2.0.1/Editor/FileSettingsRepository.cs:104 
  at UnityEditor.SettingsManagement.FileSettingsRepository.Init () [0x00010] in ./Library/PackageCache/com.unity.settings-manager@2.0.1/Editor/FileSettingsRepository.cs:53 
  at UnityEditor.SettingsManagement.FileSettingsRepository.ContainsKey[T] (System.String key) [0x00000] in ./Library/PackageCache/com.unity.settings-manager@2.0.1/Editor/FileSettingsRepository.cs:198 
  at UnityEditor.SettingsManagement.Settings.ContainsKey[T,K] (System.String key, System.String repositoryName) [0x0002d] in ./Library/PackageCache/com.unity.settings-manager@2.0.1/Editor/Settings.cs:249 
  at UnityEditor.SettingsManagement.Settings.ContainsKey[T] (System.String key, UnityEditor.SettingsScope scope) [0x00004] in ./Library/PackageCache/com.unity.settings-manager@2.0.1/Editor/Settings.cs:217 
  at UnityEditor.TestTools.CodeCoverage.CoveragePreferencesImplementation.GetBool (System.String key, System.Boolean defaultValue, UnityEditor.SettingsScope scope) [0x00000] in ./Library/PackageCache/com.unity.testtools.codecoverage@1.2.4/Editor/CoveragePreferences.cs:40 
  at UnityEditor.TestTools.CodeCoverage.CoverageReporterStarter..cctor () [0x0000c] in ./Library/PackageCache/com.unity.testtools.codecoverage@1.2.4/Editor/CoverageReporterListener.cs:148 
UnityEngine.StackTraceUtility:ExtractStackTrace () (at /Users/bokken/build/output/unity/unity/Runtime/Export/Scripting/StackTrace.cs:37)
UnityEngine.DebugLogHandler:LogFormat (UnityEngine.LogType,UnityEngine.Object,string,object[])
UnityEngine.Logger:Log (UnityEngine.LogType,object)
UnityEngine.Debug:LogError (object)
UnityEditor.EditorAssemblies:ProcessInitializeOnLoadAttributes (System.Type[]) (at /Users/bokken/build/output/unity/unity/Editor/Mono/EditorAssemblies.cs:123)

(Filename: /Users/bokken/build/output/unity/unity/Editor/Mono/EditorAssemblies.cs Line: 123)

Mono: successfully reloaded assembly
- Finished resetting the current domain, in  0.857 seconds
Domain Reload Profiling: 1351ms
	BeginReloadAssembly (120ms)
		ExecutionOrderSort (0ms)
		DisableScriptedObjects (3ms)
		BackupInstance (0ms)
		ReleaseScriptingObjects (0ms)
		CreateAndSetChildDomain (38ms)
	RebuildCommonClasses (23ms)
	RebuildNativeTypeToScriptingClass (8ms)
	initialDomainReloadingComplete (14ms)
	LoadAllAssembliesAndSetupDomain (329ms)
		LoadAssemblies (162ms)
		RebuildTransferFunctionScriptingTraits (0ms)
		AnalyzeDomain (193ms)
			TypeCache.Refresh (190ms)
				TypeCache.ScanAssembly (181ms)
			ScanForSourceGeneratedMonoScriptInfo (0ms)
			ResolveRequiredComponents (3ms)
	FinalizeReload (857ms)
		ReleaseScriptCaches (0ms)
		RebuildScriptCaches (0ms)
		SetupLoadedEditorAssemblies (237ms)
			LogAssemblyErrors (0ms)
			InitializePlatformSupportModulesInManaged (17ms)
			SetLoadedEditorAssemblies (3ms)
			RefreshPlugins (0ms)
			BeforeProcessingInitializeOnLoad (37ms)
			ProcessInitializeOnLoadAttributes (169ms)
			ProcessInitializeOnLoadMethodAttributes (10ms)
			AfterProcessingInitializeOnLoad (1ms)
			EditorAssembliesLoaded (0ms)
		ExecutionOrderSort2 (0ms)
		AwakeInstancesAfterBackupRestoration (2ms)
Refreshing native plugins compatible for Editor in 0.97 ms, found 2 plugins.
Preloading 0 native plugins for Editor in 0.00 ms.
Unloading 3438 Unused Serialized files (Serialized files now loaded: 0)
Unloading 23 unused Assets / (31.3 KB). Loaded Objects now: 3923.
Memory consumption went from 143.2 MB to 143.2 MB.
Total: 2.519083 ms (FindLiveObjects: 0.121792 ms CreateObjectMapping: 0.041583 ms MarkObjects: 2.310542 ms  DeleteObjects: 0.044708 ms)

Prepare: number of updated asset objects reloaded= 0
AssetImportParameters requested are different than current active one (requested -> active):
  custom:container-demuxer-ogg: 62fdf1f143b41e24485cea50d1cbac27 -> 
  custom:video-decoder-ogg-theora: a1e56fd34408186e4bbccfd4996cb3dc -> 
  custom:CustomObjectIndexerAttribute: 756ad292c208cfabdd7b50bc23989ffe -> 
  custom:container-demuxer-webm: 4f35f7cbe854078d1ac9338744f61a02 -> 
  custom:container-muxer-webm: aa71ff27fc2769a1b78a27578f13a17b -> 
  custom:video-decoder-webm-vp8: 9c59270c3fd7afecdb556c50c9e8de78 -> 
  custom:AudioImporter_EditorPlatform: 3918e3fc78b5a79bad01e8451be0beb8 -> 
  custom:framework-osx-AVFoundation: e770b220cccbd017edd2c1fefb359320 -> 
  custom:video-encoder-webm-vp8: eb34c28f22e8b96e1ab97ce403110664 -> 
  custom:audio-decoder-ogg-vorbis: bf7c407c2cedff20999df2af8eb42d56 -> 
  custom:audio-encoder-webm-vorbis: bf7c407c2cedff20999df2af8eb42d56 -> 
========================================================================
Received Import Request.
  Time since last request: 4242.917343 seconds.
  path: Assets/PlayerController.cs
  artifactKey: Guid(976b8a3e4256a407489064438452b357) Importer(815301076,1909f56bfc062723c751e8b465ee728b)
Start importing Assets/PlayerController.cs using Guid(976b8a3e4256a407489064438452b357) Importer(815301076,1909f56bfc062723c751e8b465ee728b)  -> (artifact id: '7eaf7ab50daf9e9221a50e470c8c2229') in 0.011472 seconds
Number of updated asset objects reloaded before import = 0
Number of asset objects unloaded after import = 0
========================================================================
Received Import Request.
  Time since last request: 10.178471 seconds.
  path: Packages/com.unity.testtools.codecoverage/package.json
  artifactKey: Guid(ba7d60725b0ec604698819352642be89) Importer(815301076,1909f56bfc062723c751e8b465ee728b)
Start importing Packages/com.unity.testtools.codecoverage/package.json using Guid(ba7d60725b0ec604698819352642be89) Importer(815301076,1909f56bfc062723c751e8b465ee728b)  -> (artifact id: 'b0c0d7986351c1cbb24f6cf9b3a39b6b') in 0.013533 seconds
Number of updated asset objects reloaded before import = 0
Number of asset objects unloaded after import = 1
========================================================================
Received Import Request.
  Time since last request: 15.277522 seconds.
  path: Assets/new.cs
  artifactKey: Guid(6cc1e6de5b291479099eca9d585343db) Importer(815301076,1909f56bfc062723c751e8b465ee728b)
Start importing Assets/new.cs using Guid(6cc1e6de5b291479099eca9d585343db) Importer(815301076,1909f56bfc062723c751e8b465ee728b)  -> (artifact id: 'aa681d41d4cd2bfa14d2e5e9190de4ef') in 0.000462 seconds
Number of updated asset objects reloaded before import = 0
Number of asset objects unloaded after import = 0
========================================================================
Received Prepare
Begin MonoManager ReloadAssembly
w32error-unix.c: unknown error (60) "Operation timed out"
IOException: Win32 IO returned ERROR_NOT_SUPPORTED. Path: /Users/muneerahmed/Documents/GitHub/newUi.G/My project (13)/ProjectSettings/Packages/com.unity.testtools.codecoverage/Settings.json
  at System.IO.FileStream..ctor (System.String path, System.IO.FileMode mode, System.IO.FileAccess access, System.IO.FileShare share, System.Int32 bufferSize, System.Boolean anonymous, System.IO.FileOptions options) [0x0019e] in <eaa95166e74c4ae1a419b6aa5baf90b9>:0 
  at System.IO.FileStream..ctor (System.String path, System.IO.FileMode mode, System.IO.FileAccess access, System.IO.FileShare share, System.Int32 bufferSize, System.IO.FileOptions options) [0x00000] in <eaa95166e74c4ae1a419b6aa5baf90b9>:0 
  at (wrapper remoting-invoke-with-check) System.IO.FileStream..ctor(string,System.IO.FileMode,System.IO.FileAccess,System.IO.FileShare,int,System.IO.FileOptions)
  at System.IO.StreamWriter..ctor (System.String path, System.Boolean append, System.Text.Encoding encoding, System.Int32 bufferSize) [0x00055] in <eaa95166e74c4ae1a419b6aa5baf90b9>:0 
  at System.IO.StreamWriter..ctor (System.String path) [0x00008] in <eaa95166e74c4ae1a419b6aa5baf90b9>:0 
  at (wrapper remoting-invoke-with-check) System.IO.StreamWriter..ctor(string)
  at System.IO.File.WriteAllText (System.String path, System.String contents) [0x00026] in <eaa95166e74c4ae1a419b6aa5baf90b9>:0 
  at UnityEditor.SettingsManagement.FileSettingsRepository.Save () [0x000e2] in ./Library/PackageCache/com.unity.settings-manager@2.0.1/Editor/FileSettingsRepository.cs:154 
  at UnityEditor.AssemblyReloadEvents.OnBeforeAssemblyReload () [0x00017] in /Users/bokken/build/output/unity/unity/Editor/Mono/AssemblyReloadEvents.cs:27 

(Filename: ./Library/PackageCache/com.unity.settings-manager@2.0.1/Editor/FileSettingsRepository.cs Line: 154)

Thread 0x16db3f000 may have been prematurely finalized
Symbol file LoadedFromMemory doesn't match image /Users/muneerahmed/Documents/GitHub/newUi.G/My project (13)/Library/PackageCache/com.unity.visualscripting@1.8.0/Editor/VisualScripting.Core/Dependencies/YamlDotNet/Unity.VisualScripting.YamlDotNet.dll
Symbol file LoadedFromMemory doesn't match image /Users/muneerahmed/Documents/GitHub/newUi.G/My project (13)/Library/PackageCache/com.unity.visualscripting@1.8.0/Editor/VisualScripting.Core/Dependencies/DotNetZip/Unity.VisualScripting.IonicZip.dll
- Loaded All Assemblies, in  0.555 seconds
Refreshing native plugins compatible for Editor in 0.96 ms, found 2 plugins.
Native extension for Android target not found
Native extension for OSXStandalone target not found
w32error-unix.c: unknown error (60) "Operation timed out"
System.IO.IOException: Win32 IO returned ERROR_NOT_SUPPORTED. Path: /Users/muneerahmed/Documents/GitHub/newUi.G/My project (13)/ProjectSettings/Packages/com.unity.testtools.codecoverage/Settings.json
  at System.IO.FileStream.ReadData (System.Runtime.InteropServices.SafeHandle safeHandle, System.Byte[] buf, System.Int32 offset, System.Int32 count) [0x0002d] in <eaa95166e74c4ae1a419b6aa5baf90b9>:0 
  at System.IO.FileStream.ReadInternal (System.Byte[] dest, System.Int32 offset, System.Int32 count) [0x00026] in <eaa95166e74c4ae1a419b6aa5baf90b9>:0 
  at System.IO.FileStream.Read (System.Byte[] array, System.Int32 offset, System.Int32 count) [0x000a1] in <eaa95166e74c4ae1a419b6aa5baf90b9>:0 
  at System.IO.StreamReader.ReadBuffer () [0x00028] in <eaa95166e74c4ae1a419b6aa5baf90b9>:0 
  at System.IO.StreamReader.ReadToEnd () [0x00059] in <eaa95166e74c4ae1a419b6aa5baf90b9>:0 
  at System.IO.File.InternalReadAllText (System.String path, System.Text.Encoding encoding) [0x00009] in <eaa95166e74c4ae1a419b6aa5baf90b9>:0 
  at System.IO.File.ReadAllText (System.String path) [0x0002c] in <eaa95166e74c4ae1a419b6aa5baf90b9>:0 
  at UnityEditor.SettingsManagement.FileSettingsRepository.TryLoadSavedJson (System.String& json) [0x00016] in ./Library/PackageCache/com.unity.settings-manager@2.0.1/Editor/FileSettingsRepository.cs:104 
  at UnityEditor.SettingsManagement.FileSettingsRepository.Init () [0x00010] in ./Library/PackageCache/com.unity.settings-manager@2.0.1/Editor/FileSettingsRepository.cs:53 
  at UnityEditor.SettingsManagement.FileSettingsRepository.ContainsKey[T] (System.String key) [0x00000] in ./Library/PackageCache/com.unity.settings-manager@2.0.1/Editor/FileSettingsRepository.cs:198 
  at UnityEditor.SettingsManagement.Settings.ContainsKey[T,K] (System.String key, System.String repositoryName) [0x0002d] in ./Library/PackageCache/com.unity.settings-manager@2.0.1/Editor/Settings.cs:249 
  at UnityEditor.SettingsManagement.Settings.ContainsKey[T] (System.String key, UnityEditor.SettingsScope scope) [0x00004] in ./Library/PackageCache/com.unity.settings-manager@2.0.1/Editor/Settings.cs:217 
  at UnityEditor.TestTools.CodeCoverage.CoveragePreferencesImplementation.GetBool (System.String key, System.Boolean defaultValue, UnityEditor.SettingsScope scope) [0x00000] in ./Library/PackageCache/com.unity.testtools.codecoverage@1.2.4/Editor/CoveragePreferences.cs:40 
  at UnityEditor.TestTools.CodeCoverage.CoverageReporterStarter..cctor () [0x0000c] in ./Library/PackageCache/com.unity.testtools.codecoverage@1.2.4/Editor/CoverageReporterListener.cs:148 
UnityEngine.StackTraceUtility:ExtractStackTrace () (at /Users/bokken/build/output/unity/unity/Runtime/Export/Scripting/StackTrace.cs:37)
UnityEngine.DebugLogHandler:LogFormat (UnityEngine.LogType,UnityEngine.Object,string,object[])
UnityEngine.Logger:Log (UnityEngine.LogType,object)
UnityEngine.Debug:LogError (object)
UnityEditor.EditorAssemblies:ProcessInitializeOnLoadAttributes (System.Type[]) (at /Users/bokken/build/output/unity/unity/Editor/Mono/EditorAssemblies.cs:123)

(Filename: /Users/bokken/build/output/unity/unity/Editor/Mono/EditorAssemblies.cs Line: 123)

Mono: successfully reloaded assembly
- Finished resetting the current domain, in  1.217 seconds
Domain Reload Profiling: 1772ms
	BeginReloadAssembly (160ms)
		ExecutionOrderSort (0ms)
		DisableScriptedObjects (3ms)
		BackupInstance (0ms)
		ReleaseScriptingObjects (0ms)
		CreateAndSetChildDomain (54ms)
	RebuildCommonClasses (23ms)
	RebuildNativeTypeToScriptingClass (8ms)
	initialDomainReloadingComplete (14ms)
	LoadAllAssembliesAndSetupDomain (349ms)
		LoadAssemblies (172ms)
		RebuildTransferFunctionScriptingTraits (0ms)
		AnalyzeDomain (207ms)
			TypeCache.Refresh (202ms)
				TypeCache.ScanAssembly (192ms)
			ScanForSourceGeneratedMonoScriptInfo (2ms)
			ResolveRequiredComponents (3ms)
	FinalizeReload (1218ms)
		ReleaseScriptCaches (0ms)
		RebuildScriptCaches (0ms)
		SetupLoadedEditorAssemblies (570ms)
			LogAssemblyErrors (0ms)
			InitializePlatformSupportModulesInManaged (13ms)
			SetLoadedEditorAssemblies (3ms)
			RefreshPlugins (0ms)
			BeforeProcessingInitializeOnLoad (42ms)
			ProcessInitializeOnLoadAttributes (501ms)
			ProcessInitializeOnLoadMethodAttributes (10ms)
			AfterProcessingInitializeOnLoad (1ms)
			EditorAssembliesLoaded (0ms)
		ExecutionOrderSort2 (0ms)
		AwakeInstancesAfterBackupRestoration (2ms)
Refreshing native plugins compatible for Editor in 1.19 ms, found 2 plugins.
Preloading 0 native plugins for Editor in 0.00 ms.
Unloading 3438 Unused Serialized files (Serialized files now loaded: 0)
Unloading 23 unused Assets / (31.3 KB). Loaded Objects now: 3926.
Memory consumption went from 149.1 MB to 149.1 MB.
Total: 2.920250 ms (FindLiveObjects: 0.195667 ms CreateObjectMapping: 0.066166 ms MarkObjects: 2.561459 ms  DeleteObjects: 0.096500 ms)

Prepare: number of updated asset objects reloaded= 0
AssetImportParameters requested are different than current active one (requested -> active):
  custom:container-demuxer-ogg: 62fdf1f143b41e24485cea50d1cbac27 -> 
  custom:video-decoder-ogg-theora: a1e56fd34408186e4bbccfd4996cb3dc -> 
  custom:CustomObjectIndexerAttribute: 756ad292c208cfabdd7b50bc23989ffe -> 
  custom:container-demuxer-webm: 4f35f7cbe854078d1ac9338744f61a02 -> 
  custom:container-muxer-webm: aa71ff27fc2769a1b78a27578f13a17b -> 
  custom:video-decoder-webm-vp8: 9c59270c3fd7afecdb556c50c9e8de78 -> 
  custom:AudioImporter_EditorPlatform: 3918e3fc78b5a79bad01e8451be0beb8 -> 
  custom:framework-osx-AVFoundation: e770b220cccbd017edd2c1fefb359320 -> 
  custom:video-encoder-webm-vp8: eb34c28f22e8b96e1ab97ce403110664 -> 
  custom:audio-decoder-ogg-vorbis: bf7c407c2cedff20999df2af8eb42d56 -> 
  custom:audio-encoder-webm-vorbis: bf7c407c2cedff20999df2af8eb42d56 -> 
========================================================================
Received Import Request.
  Time since last request: 37.739636 seconds.
  path: Assets/new.cs
  artifactKey: Guid(6cc1e6de5b291479099eca9d585343db) Importer(815301076,1909f56bfc062723c751e8b465ee728b)
Start importing Assets/new.cs using Guid(6cc1e6de5b291479099eca9d585343db) Importer(815301076,1909f56bfc062723c751e8b465ee728b)  -> (artifact id: '646bba23d7df0b65f8c254f29130b47a') in 0.001100 seconds
Number of updated asset objects reloaded before import = 0
Number of asset objects unloaded after import = 0
========================================================================
Received Prepare
Begin MonoManager ReloadAssembly
w32error-unix.c: unknown error (60) "Operation timed out"
IOException: Win32 IO returned ERROR_NOT_SUPPORTED. Path: /Users/muneerahmed/Documents/GitHub/newUi.G/My project (13)/ProjectSettings/Packages/com.unity.testtools.codecoverage/Settings.json
  at System.IO.FileStream..ctor (System.String path, System.IO.FileMode mode, System.IO.FileAccess access, System.IO.FileShare share, System.Int32 bufferSize, System.Boolean anonymous, System.IO.FileOptions options) [0x0019e] in <eaa95166e74c4ae1a419b6aa5baf90b9>:0 
  at System.IO.FileStream..ctor (System.String path, System.IO.FileMode mode, System.IO.FileAccess access, System.IO.FileShare share, System.Int32 bufferSize, System.IO.FileOptions options) [0x00000] in <eaa95166e74c4ae1a419b6aa5baf90b9>:0 
  at (wrapper remoting-invoke-with-check) System.IO.FileStream..ctor(string,System.IO.FileMode,System.IO.FileAccess,System.IO.FileShare,int,System.IO.FileOptions)
  at System.IO.StreamWriter..ctor (System.String path, System.Boolean append, System.Text.Encoding encoding, System.Int32 bufferSize) [0x00055] in <eaa95166e74c4ae1a419b6aa5baf90b9>:0 
  at System.IO.StreamWriter..ctor (System.String path) [0x00008] in <eaa95166e74c4ae1a419b6aa5baf90b9>:0 
  at (wrapper remoting-invoke-with-check) System.IO.StreamWriter..ctor(string)
  at System.IO.File.WriteAllText (System.String path, System.String contents) [0x00026] in <eaa95166e74c4ae1a419b6aa5baf90b9>:0 
  at UnityEditor.SettingsManagement.FileSettingsRepository.Save () [0x000e2] in ./Library/PackageCache/com.unity.settings-manager@2.0.1/Editor/FileSettingsRepository.cs:154 
  at UnityEditor.AssemblyReloadEvents.OnBeforeAssemblyReload () [0x00017] in /Users/bokken/build/output/unity/unity/Editor/Mono/AssemblyReloadEvents.cs:27 

(Filename: ./Library/PackageCache/com.unity.settings-manager@2.0.1/Editor/FileSettingsRepository.cs Line: 154)

Thread 0x16dac7000 may have been prematurely finalized
Symbol file LoadedFromMemory doesn't match image /Users/muneerahmed/Documents/GitHub/newUi.G/My project (13)/Library/PackageCache/com.unity.visualscripting@1.8.0/Editor/VisualScripting.Core/Dependencies/YamlDotNet/Unity.VisualScripting.YamlDotNet.dll
Symbol file LoadedFromMemory doesn't match image /Users/muneerahmed/Documents/GitHub/newUi.G/My project (13)/Library/PackageCache/com.unity.visualscripting@1.8.0/Editor/VisualScripting.Core/Dependencies/DotNetZip/Unity.VisualScripting.IonicZip.dll
- Loaded All Assemblies, in  0.720 seconds
Refreshing native plugins compatible for Editor in 1.27 ms, found 2 plugins.
Native extension for Android target not found
Native extension for OSXStandalone target not found
w32error-unix.c: unknown error (60) "Operation timed out"
System.IO.IOException: Win32 IO returned ERROR_NOT_SUPPORTED. Path: /Users/muneerahmed/Documents/GitHub/newUi.G/My project (13)/ProjectSettings/Packages/com.unity.testtools.codecoverage/Settings.json
  at System.IO.FileStream.ReadData (System.Runtime.InteropServices.SafeHandle safeHandle, System.Byte[] buf, System.Int32 offset, System.Int32 count) [0x0002d] in <eaa95166e74c4ae1a419b6aa5baf90b9>:0 
  at System.IO.FileStream.ReadInternal (System.Byte[] dest, System.Int32 offset, System.Int32 count) [0x00026] in <eaa95166e74c4ae1a419b6aa5baf90b9>:0 
  at System.IO.FileStream.Read (System.Byte[] array, System.Int32 offset, System.Int32 count) [0x000a1] in <eaa95166e74c4ae1a419b6aa5baf90b9>:0 
  at System.IO.StreamReader.ReadBuffer () [0x00028] in <eaa95166e74c4ae1a419b6aa5baf90b9>:0 
  at System.IO.StreamReader.ReadToEnd () [0x00059] in <eaa95166e74c4ae1a419b6aa5baf90b9>:0 
  at System.IO.File.InternalReadAllText (System.String path, System.Text.Encoding encoding) [0x00009] in <eaa95166e74c4ae1a419b6aa5baf90b9>:0 
  at System.IO.File.ReadAllText (System.String path) [0x0002c] in <eaa95166e74c4ae1a419b6aa5baf90b9>:0 
  at UnityEditor.SettingsManagement.FileSettingsRepository.TryLoadSavedJson (System.String& json) [0x00016] in ./Library/PackageCache/com.unity.settings-manager@2.0.1/Editor/FileSettingsRepository.cs:104 
  at UnityEditor.SettingsManagement.FileSettingsRepository.Init () [0x00010] in ./Library/PackageCache/com.unity.settings-manager@2.0.1/Editor/FileSettingsRepository.cs:53 
  at UnityEditor.SettingsManagement.FileSettingsRepository.ContainsKey[T] (System.String key) [0x00000] in ./Library/PackageCache/com.unity.settings-manager@2.0.1/Editor/FileSettingsRepository.cs:198 
  at UnityEditor.SettingsManagement.Settings.ContainsKey[T,K] (System.String key, System.String repositoryName) [0x0002d] in ./Library/PackageCache/com.unity.settings-manager@2.0.1/Editor/Settings.cs:249 
  at UnityEditor.SettingsManagement.Settings.ContainsKey[T] (System.String key, UnityEditor.SettingsScope scope) [0x00004] in ./Library/PackageCache/com.unity.settings-manager@2.0.1/Editor/Settings.cs:217 
  at UnityEditor.TestTools.CodeCoverage.CoveragePreferencesImplementation.GetBool (System.String key, System.Boolean defaultValue, UnityEditor.SettingsScope scope) [0x00000] in ./Library/PackageCache/com.unity.testtools.codecoverage@1.2.4/Editor/CoveragePreferences.cs:40 
  at UnityEditor.TestTools.CodeCoverage.CoverageReporterStarter..cctor () [0x0000c] in ./Library/PackageCache/com.unity.testtools.codecoverage@1.2.4/Editor/CoverageReporterListener.cs:148 
UnityEngine.StackTraceUtility:ExtractStackTrace () (at /Users/bokken/build/output/unity/unity/Runtime/Export/Scripting/StackTrace.cs:37)
UnityEngine.DebugLogHandler:LogFormat (UnityEngine.LogType,UnityEngine.Object,string,object[])
UnityEngine.Logger:Log (UnityEngine.LogType,object)
UnityEngine.Debug:LogError (object)
UnityEditor.EditorAssemblies:ProcessInitializeOnLoadAttributes (System.Type[]) (at /Users/bokken/build/output/unity/unity/Editor/Mono/EditorAssemblies.cs:123)

(Filename: /Users/bokken/build/output/unity/unity/Editor/Mono/EditorAssemblies.cs Line: 123)

Mono: successfully reloaded assembly
- Finished resetting the current domain, in  1.343 seconds
Domain Reload Profiling: 2063ms
	BeginReloadAssembly (278ms)
		ExecutionOrderSort (0ms)
		DisableScriptedObjects (6ms)
		BackupInstance (0ms)
		ReleaseScriptingObjects (0ms)
		CreateAndSetChildDomain (48ms)
	RebuildCommonClasses (23ms)
	RebuildNativeTypeToScriptingClass (8ms)
	initialDomainReloadingComplete (15ms)
	LoadAllAssembliesAndSetupDomain (396ms)
		LoadAssemblies (192ms)
		RebuildTransferFunctionScriptingTraits (0ms)
		AnalyzeDomain (232ms)
			TypeCache.Refresh (229ms)
				TypeCache.ScanAssembly (217ms)
			ScanForSourceGeneratedMonoScriptInfo (0ms)
			ResolveRequiredComponents (3ms)
	FinalizeReload (1344ms)
		ReleaseScriptCaches (0ms)
		RebuildScriptCaches (0ms)
		SetupLoadedEditorAssemblies (753ms)
			LogAssemblyErrors (0ms)
			InitializePlatformSupportModulesInManaged (18ms)
			SetLoadedEditorAssemblies (3ms)
			RefreshPlugins (0ms)
			BeforeProcessingInitializeOnLoad (37ms)
			ProcessInitializeOnLoadAttributes (683ms)
			ProcessInitializeOnLoadMethodAttributes (10ms)
			AfterProcessingInitializeOnLoad (1ms)
			EditorAssembliesLoaded (0ms)
		ExecutionOrderSort2 (0ms)
		AwakeInstancesAfterBackupRestoration (2ms)
Refreshing native plugins compatible for Editor in 0.83 ms, found 2 plugins.
Preloading 0 native plugins for Editor in 0.00 ms.
Unloading 3438 Unused Serialized files (Serialized files now loaded: 0)
Unloading 23 unused Assets / (31.2 KB). Loaded Objects now: 3929.
Memory consumption went from 154.9 MB to 154.9 MB.
Total: 6.671208 ms (FindLiveObjects: 0.155917 ms CreateObjectMapping: 0.044458 ms MarkObjects: 6.400750 ms  DeleteObjects: 0.069833 ms)

Prepare: number of updated asset objects reloaded= 0
AssetImportParameters requested are different than current active one (requested -> active):
  custom:container-demuxer-ogg: 62fdf1f143b41e24485cea50d1cbac27 -> 
  custom:video-decoder-ogg-theora: a1e56fd34408186e4bbccfd4996cb3dc -> 
  custom:CustomObjectIndexerAttribute: 756ad292c208cfabdd7b50bc23989ffe -> 
  custom:container-demuxer-webm: 4f35f7cbe854078d1ac9338744f61a02 -> 
  custom:container-muxer-webm: aa71ff27fc2769a1b78a27578f13a17b -> 
  custom:video-decoder-webm-vp8: 9c59270c3fd7afecdb556c50c9e8de78 -> 
  custom:AudioImporter_EditorPlatform: 3918e3fc78b5a79bad01e8451be0beb8 -> 
  custom:framework-osx-AVFoundation: e770b220cccbd017edd2c1fefb359320 -> 
  custom:video-encoder-webm-vp8: eb34c28f22e8b96e1ab97ce403110664 -> 
  custom:audio-decoder-ogg-vorbis: bf7c407c2cedff20999df2af8eb42d56 -> 
  custom:audio-encoder-webm-vorbis: bf7c407c2cedff20999df2af8eb42d56 -> 
========================================================================
Received Prepare
Begin MonoManager ReloadAssembly
w32error-unix.c: unknown error (60) "Operation timed out"
IOException: Win32 IO returned ERROR_NOT_SUPPORTED. Path: /Users/muneerahmed/Documents/GitHub/newUi.G/My project (13)/ProjectSettings/Packages/com.unity.testtools.codecoverage/Settings.json
  at System.IO.FileStream..ctor (System.String path, System.IO.FileMode mode, System.IO.FileAccess access, System.IO.FileShare share, System.Int32 bufferSize, System.Boolean anonymous, System.IO.FileOptions options) [0x0019e] in <eaa95166e74c4ae1a419b6aa5baf90b9>:0 
  at System.IO.FileStream..ctor (System.String path, System.IO.FileMode mode, System.IO.FileAccess access, System.IO.FileShare share, System.Int32 bufferSize, System.IO.FileOptions options) [0x00000] in <eaa95166e74c4ae1a419b6aa5baf90b9>:0 
  at (wrapper remoting-invoke-with-check) System.IO.FileStream..ctor(string,System.IO.FileMode,System.IO.FileAccess,System.IO.FileShare,int,System.IO.FileOptions)
  at System.IO.StreamWriter..ctor (System.String path, System.Boolean append, System.Text.Encoding encoding, System.Int32 bufferSize) [0x00055] in <eaa95166e74c4ae1a419b6aa5baf90b9>:0 
  at System.IO.StreamWriter..ctor (System.String path) [0x00008] in <eaa95166e74c4ae1a419b6aa5baf90b9>:0 
  at (wrapper remoting-invoke-with-check) System.IO.StreamWriter..ctor(string)
  at System.IO.File.WriteAllText (System.String path, System.String contents) [0x00026] in <eaa95166e74c4ae1a419b6aa5baf90b9>:0 
  at UnityEditor.SettingsManagement.FileSettingsRepository.Save () [0x000e2] in ./Library/PackageCache/com.unity.settings-manager@2.0.1/Editor/FileSettingsRepository.cs:154 
  at UnityEditor.AssemblyReloadEvents.OnBeforeAssemblyReload () [0x00017] in /Users/bokken/build/output/unity/unity/Editor/Mono/AssemblyReloadEvents.cs:27 

(Filename: ./Library/PackageCache/com.unity.settings-manager@2.0.1/Editor/FileSettingsRepository.cs Line: 154)

Thread 0x16dac7000 may have been prematurely finalized
Symbol file LoadedFromMemory doesn't match image /Users/muneerahmed/Documents/GitHub/newUi.G/My project (13)/Library/PackageCache/com.unity.visualscripting@1.8.0/Editor/VisualScripting.Core/Dependencies/YamlDotNet/Unity.VisualScripting.YamlDotNet.dll
Symbol file LoadedFromMemory doesn't match image /Users/muneerahmed/Documents/GitHub/newUi.G/My project (13)/Library/PackageCache/com.unity.visualscripting@1.8.0/Editor/VisualScripting.Core/Dependencies/DotNetZip/Unity.VisualScripting.IonicZip.dll
- Loaded All Assemblies, in  0.558 seconds
Refreshing native plugins compatible for Editor in 0.94 ms, found 2 plugins.
Native extension for Android target not found
Native extension for OSXStandalone target not found
w32error-unix.c: unknown error (60) "Operation timed out"
System.IO.IOException: Win32 IO returned ERROR_NOT_SUPPORTED. Path: /Users/muneerahmed/Documents/GitHub/newUi.G/My project (13)/ProjectSettings/Packages/com.unity.testtools.codecoverage/Settings.json
  at System.IO.FileStream.ReadData (System.Runtime.InteropServices.SafeHandle safeHandle, System.Byte[] buf, System.Int32 offset, System.Int32 count) [0x0002d] in <eaa95166e74c4ae1a419b6aa5baf90b9>:0 
  at System.IO.FileStream.ReadInternal (System.Byte[] dest, System.Int32 offset, System.Int32 count) [0x00026] in <eaa95166e74c4ae1a419b6aa5baf90b9>:0 
  at System.IO.FileStream.Read (System.Byte[] array, System.Int32 offset, System.Int32 count) [0x000a1] in <eaa95166e74c4ae1a419b6aa5baf90b9>:0 
  at System.IO.StreamReader.ReadBuffer () [0x00028] in <eaa95166e74c4ae1a419b6aa5baf90b9>:0 
  at System.IO.StreamReader.ReadToEnd () [0x00059] in <eaa95166e74c4ae1a419b6aa5baf90b9>:0 
  at System.IO.File.InternalReadAllText (System.String path, System.Text.Encoding encoding) [0x00009] in <eaa95166e74c4ae1a419b6aa5baf90b9>:0 
  at System.IO.File.ReadAllText (System.String path) [0x0002c] in <eaa95166e74c4ae1a419b6aa5baf90b9>:0 
  at UnityEditor.SettingsManagement.FileSettingsRepository.TryLoadSavedJson (System.String& json) [0x00016] in ./Library/PackageCache/com.unity.settings-manager@2.0.1/Editor/FileSettingsRepository.cs:104 
  at UnityEditor.SettingsManagement.FileSettingsRepository.Init () [0x00010] in ./Library/PackageCache/com.unity.settings-manager@2.0.1/Editor/FileSettingsRepository.cs:53 
  at UnityEditor.SettingsManagement.FileSettingsRepository.ContainsKey[T] (System.String key) [0x00000] in ./Library/PackageCache/com.unity.settings-manager@2.0.1/Editor/FileSettingsRepository.cs:198 
  at UnityEditor.SettingsManagement.Settings.ContainsKey[T,K] (System.String key, System.String repositoryName) [0x0002d] in ./Library/PackageCache/com.unity.settings-manager@2.0.1/Editor/Settings.cs:249 
  at UnityEditor.SettingsManagement.Settings.ContainsKey[T] (System.String key, UnityEditor.SettingsScope scope) [0x00004] in ./Library/PackageCache/com.unity.settings-manager@2.0.1/Editor/Settings.cs:217 
  at UnityEditor.TestTools.CodeCoverage.CoveragePreferencesImplementation.GetBool (System.String key, System.Boolean defaultValue, UnityEditor.SettingsScope scope) [0x00000] in ./Library/PackageCache/com.unity.testtools.codecoverage@1.2.4/Editor/CoveragePreferences.cs:40 
  at UnityEditor.TestTools.CodeCoverage.CoverageReporterStarter..cctor () [0x0000c] in ./Library/PackageCache/com.unity.testtools.codecoverage@1.2.4/Editor/CoverageReporterListener.cs:148 
UnityEngine.StackTraceUtility:ExtractStackTrace () (at /Users/bokken/build/output/unity/unity/Runtime/Export/Scripting/StackTrace.cs:37)
UnityEngine.DebugLogHandler:LogFormat (UnityEngine.LogType,UnityEngine.Object,string,object[])
UnityEngine.Logger:Log (UnityEngine.LogType,object)
UnityEngine.Debug:LogError (object)
UnityEditor.EditorAssemblies:ProcessInitializeOnLoadAttributes (System.Type[]) (at /Users/bokken/build/output/unity/unity/Editor/Mono/EditorAssemblies.cs:123)

(Filename: /Users/bokken/build/output/unity/unity/Editor/Mono/EditorAssemblies.cs Line: 123)

Mono: successfully reloaded assembly
- Finished resetting the current domain, in  0.953 seconds
Domain Reload Profiling: 1511ms
	BeginReloadAssembly (154ms)
		ExecutionOrderSort (0ms)
		DisableScriptedObjects (3ms)
		BackupInstance (0ms)
		ReleaseScriptingObjects (0ms)
		CreateAndSetChildDomain (43ms)
	RebuildCommonClasses (22ms)
	RebuildNativeTypeToScriptingClass (8ms)
	initialDomainReloadingComplete (14ms)
	LoadAllAssembliesAndSetupDomain (360ms)
		LoadAssemblies (170ms)
		RebuildTransferFunctionScriptingTraits (0ms)
		AnalyzeDomain (218ms)
			TypeCache.Refresh (213ms)
				TypeCache.ScanAssembly (201ms)
			ScanForSourceGeneratedMonoScriptInfo (2ms)
			ResolveRequiredComponents (3ms)
	FinalizeReload (953ms)
		ReleaseScriptCaches (0ms)
		RebuildScriptCaches (0ms)
		SetupLoadedEditorAssemblies (247ms)
			LogAssemblyErrors (0ms)
			InitializePlatformSupportModulesInManaged (13ms)
			SetLoadedEditorAssemblies (3ms)
			RefreshPlugins (0ms)
			BeforeProcessingInitializeOnLoad (40ms)
			ProcessInitializeOnLoadAttributes (181ms)
			ProcessInitializeOnLoadMethodAttributes (9ms)
			AfterProcessingInitializeOnLoad (1ms)
			EditorAssembliesLoaded (0ms)
		ExecutionOrderSort2 (0ms)
		AwakeInstancesAfterBackupRestoration (2ms)
Refreshing native plugins compatible for Editor in 0.91 ms, found 2 plugins.
Preloading 0 native plugins for Editor in 0.00 ms.
Unloading 3439 Unused Serialized files (Serialized files now loaded: 0)
Unloading 23 unused Assets / (31.1 KB). Loaded Objects now: 3932.
Memory consumption went from 160.9 MB to 160.8 MB.
Total: 2.592458 ms (FindLiveObjects: 0.145041 ms CreateObjectMapping: 0.052917 ms MarkObjects: 2.344875 ms  DeleteObjects: 0.049125 ms)

Prepare: number of updated asset objects reloaded= 0
AssetImportParameters requested are different than current active one (requested -> active):
  custom:container-demuxer-ogg: 62fdf1f143b41e24485cea50d1cbac27 -> 
  custom:video-decoder-ogg-theora: a1e56fd34408186e4bbccfd4996cb3dc -> 
  custom:CustomObjectIndexerAttribute: 756ad292c208cfabdd7b50bc23989ffe -> 
  custom:container-demuxer-webm: 4f35f7cbe854078d1ac9338744f61a02 -> 
  custom:container-muxer-webm: aa71ff27fc2769a1b78a27578f13a17b -> 
  custom:video-decoder-webm-vp8: 9c59270c3fd7afecdb556c50c9e8de78 -> 
  custom:AudioImporter_EditorPlatform: 3918e3fc78b5a79bad01e8451be0beb8 -> 
  custom:framework-osx-AVFoundation: e770b220cccbd017edd2c1fefb359320 -> 
  custom:video-encoder-webm-vp8: eb34c28f22e8b96e1ab97ce403110664 -> 
  custom:audio-decoder-ogg-vorbis: bf7c407c2cedff20999df2af8eb42d56 -> 
  custom:audio-encoder-webm-vorbis: bf7c407c2cedff20999df2af8eb42d56 -> 
========================================================================
Received Prepare
Begin MonoManager ReloadAssembly
w32error-unix.c: unknown error (60) "Operation timed out"
IOException: Win32 IO returned ERROR_NOT_SUPPORTED. Path: /Users/muneerahmed/Documents/GitHub/newUi.G/My project (13)/ProjectSettings/Packages/com.unity.testtools.codecoverage/Settings.json
  at System.IO.FileStream..ctor (System.String path, System.IO.FileMode mode, System.IO.FileAccess access, System.IO.FileShare share, System.Int32 bufferSize, System.Boolean anonymous, System.IO.FileOptions options) [0x0019e] in <eaa95166e74c4ae1a419b6aa5baf90b9>:0 
  at System.IO.FileStream..ctor (System.String path, System.IO.FileMode mode, System.IO.FileAccess access, System.IO.FileShare share, System.Int32 bufferSize, System.IO.FileOptions options) [0x00000] in <eaa95166e74c4ae1a419b6aa5baf90b9>:0 
  at (wrapper remoting-invoke-with-check) System.IO.FileStream..ctor(string,System.IO.FileMode,System.IO.FileAccess,System.IO.FileShare,int,System.IO.FileOptions)
  at System.IO.StreamWriter..ctor (System.String path, System.Boolean append, System.Text.Encoding encoding, System.Int32 bufferSize) [0x00055] in <eaa95166e74c4ae1a419b6aa5baf90b9>:0 
  at System.IO.StreamWriter..ctor (System.String path) [0x00008] in <eaa95166e74c4ae1a419b6aa5baf90b9>:0 
  at (wrapper remoting-invoke-with-check) System.IO.StreamWriter..ctor(string)
  at System.IO.File.WriteAllText (System.String path, System.String contents) [0x00026] in <eaa95166e74c4ae1a419b6aa5baf90b9>:0 
  at UnityEditor.SettingsManagement.FileSettingsRepository.Save () [0x000e2] in ./Library/PackageCache/com.unity.settings-manager@2.0.1/Editor/FileSettingsRepository.cs:154 
  at UnityEditor.AssemblyReloadEvents.OnBeforeAssemblyReload () [0x00017] in /Users/bokken/build/output/unity/unity/Editor/Mono/AssemblyReloadEvents.cs:27 

(Filename: ./Library/PackageCache/com.unity.settings-manager@2.0.1/Editor/FileSettingsRepository.cs Line: 154)

Thread 0x16dac7000 may have been prematurely finalized
Symbol file LoadedFromMemory doesn't match image /Users/muneerahmed/Documents/GitHub/newUi.G/My project (13)/Library/PackageCache/com.unity.visualscripting@1.8.0/Editor/VisualScripting.Core/Dependencies/YamlDotNet/Unity.VisualScripting.YamlDotNet.dll
Symbol file LoadedFromMemory doesn't match image /Users/muneerahmed/Documents/GitHub/newUi.G/My project (13)/Library/PackageCache/com.unity.visualscripting@1.8.0/Editor/VisualScripting.Core/Dependencies/DotNetZip/Unity.VisualScripting.IonicZip.dll
- Loaded All Assemblies, in  0.543 seconds
Refreshing native plugins compatible for Editor in 0.89 ms, found 2 plugins.
Native extension for Android target not found
Native extension for OSXStandalone target not found
w32error-unix.c: unknown error (60) "Operation timed out"
System.IO.IOException: Win32 IO returned ERROR_NOT_SUPPORTED. Path: /Users/muneerahmed/Documents/GitHub/newUi.G/My project (13)/ProjectSettings/Packages/com.unity.testtools.codecoverage/Settings.json
  at System.IO.FileStream.ReadData (System.Runtime.InteropServices.SafeHandle safeHandle, System.Byte[] buf, System.Int32 offset, System.Int32 count) [0x0002d] in <eaa95166e74c4ae1a419b6aa5baf90b9>:0 
  at System.IO.FileStream.ReadInternal (System.Byte[] dest, System.Int32 offset, System.Int32 count) [0x00026] in <eaa95166e74c4ae1a419b6aa5baf90b9>:0 
  at System.IO.FileStream.Read (System.Byte[] array, System.Int32 offset, System.Int32 count) [0x000a1] in <eaa95166e74c4ae1a419b6aa5baf90b9>:0 
  at System.IO.StreamReader.ReadBuffer () [0x00028] in <eaa95166e74c4ae1a419b6aa5baf90b9>:0 
  at System.IO.StreamReader.ReadToEnd () [0x00059] in <eaa95166e74c4ae1a419b6aa5baf90b9>:0 
  at System.IO.File.InternalReadAllText (System.String path, System.Text.Encoding encoding) [0x00009] in <eaa95166e74c4ae1a419b6aa5baf90b9>:0 
  at System.IO.File.ReadAllText (System.String path) [0x0002c] in <eaa95166e74c4ae1a419b6aa5baf90b9>:0 
  at UnityEditor.SettingsManagement.FileSettingsRepository.TryLoadSavedJson (System.String& json) [0x00016] in ./Library/PackageCache/com.unity.settings-manager@2.0.1/Editor/FileSettingsRepository.cs:104 
  at UnityEditor.SettingsManagement.FileSettingsRepository.Init () [0x00010] in ./Library/PackageCache/com.unity.settings-manager@2.0.1/Editor/FileSettingsRepository.cs:53 
  at UnityEditor.SettingsManagement.FileSettingsRepository.ContainsKey[T] (System.String key) [0x00000] in ./Library/PackageCache/com.unity.settings-manager@2.0.1/Editor/FileSettingsRepository.cs:198 
  at UnityEditor.SettingsManagement.Settings.ContainsKey[T,K] (System.String key, System.String repositoryName) [0x0002d] in ./Library/PackageCache/com.unity.settings-manager@2.0.1/Editor/Settings.cs:249 
  at UnityEditor.SettingsManagement.Settings.ContainsKey[T] (System.String key, UnityEditor.SettingsScope scope) [0x00004] in ./Library/PackageCache/com.unity.settings-manager@2.0.1/Editor/Settings.cs:217 
  at UnityEditor.TestTools.CodeCoverage.CoveragePreferencesImplementation.GetBool (System.String key, System.Boolean defaultValue, UnityEditor.SettingsScope scope) [0x00000] in ./Library/PackageCache/com.unity.testtools.codecoverage@1.2.4/Editor/CoveragePreferences.cs:40 
  at UnityEditor.TestTools.CodeCoverage.CoverageReporterStarter..cctor () [0x0000c] in ./Library/PackageCache/com.unity.testtools.codecoverage@1.2.4/Editor/CoverageReporterListener.cs:148 
UnityEngine.StackTraceUtility:ExtractStackTrace () (at /Users/bokken/build/output/unity/unity/Runtime/Export/Scripting/StackTrace.cs:37)
UnityEngine.DebugLogHandler:LogFormat (UnityEngine.LogType,UnityEngine.Object,string,object[])
UnityEngine.Logger:Log (UnityEngine.LogType,object)
UnityEngine.Debug:LogError (object)
UnityEditor.EditorAssemblies:ProcessInitializeOnLoadAttributes (System.Type[]) (at /Users/bokken/build/output/unity/unity/Editor/Mono/EditorAssemblies.cs:123)

(Filename: /Users/bokken/build/output/unity/unity/Editor/Mono/EditorAssemblies.cs Line: 123)

Mono: successfully reloaded assembly
- Finished resetting the current domain, in  0.770 seconds
Domain Reload Profiling: 1313ms
	BeginReloadAssembly (140ms)
		ExecutionOrderSort (0ms)
		DisableScriptedObjects (3ms)
		BackupInstance (0ms)
		ReleaseScriptingObjects (0ms)
		CreateAndSetChildDomain (55ms)
	RebuildCommonClasses (23ms)
	RebuildNativeTypeToScriptingClass (8ms)
	initialDomainReloadingComplete (16ms)
	LoadAllAssembliesAndSetupDomain (356ms)
		LoadAssemblies (185ms)
		RebuildTransferFunctionScriptingTraits (0ms)
		AnalyzeDomain (198ms)
			TypeCache.Refresh (196ms)
				TypeCache.ScanAssembly (176ms)
			ScanForSourceGeneratedMonoScriptInfo (0ms)
			ResolveRequiredComponents (3ms)
	FinalizeReload (770ms)
		ReleaseScriptCaches (0ms)
		RebuildScriptCaches (0ms)
		SetupLoadedEditorAssemblies (236ms)
			LogAssemblyErrors (0ms)
			InitializePlatformSupportModulesInManaged (17ms)
			SetLoadedEditorAssemblies (3ms)
			RefreshPlugins (0ms)
			BeforeProcessingInitializeOnLoad (35ms)
			ProcessInitializeOnLoadAttributes (170ms)
			ProcessInitializeOnLoadMethodAttributes (11ms)
			AfterProcessingInitializeOnLoad (1ms)
			EditorAssembliesLoaded (0ms)
		ExecutionOrderSort2 (0ms)
		AwakeInstancesAfterBackupRestoration (2ms)
Refreshing native plugins compatible for Editor in 0.98 ms, found 2 plugins.
Preloading 0 native plugins for Editor in 0.00 ms.
Unloading 3439 Unused Serialized files (Serialized files now loaded: 0)
Unloading 23 unused Assets / (31.1 KB). Loaded Objects now: 3935.
Memory consumption went from 166.6 MB to 166.5 MB.
Total: 2.670292 ms (FindLiveObjects: 0.129167 ms CreateObjectMapping: 0.041958 ms MarkObjects: 2.444375 ms  DeleteObjects: 0.053958 ms)

Prepare: number of updated asset objects reloaded= 0
AssetImportParameters requested are different than current active one (requested -> active):
  custom:container-demuxer-ogg: 62fdf1f143b41e24485cea50d1cbac27 -> 
  custom:video-decoder-ogg-theora: a1e56fd34408186e4bbccfd4996cb3dc -> 
  custom:CustomObjectIndexerAttribute: 756ad292c208cfabdd7b50bc23989ffe -> 
  custom:container-demuxer-webm: 4f35f7cbe854078d1ac9338744f61a02 -> 
  custom:container-muxer-webm: aa71ff27fc2769a1b78a27578f13a17b -> 
  custom:video-decoder-webm-vp8: 9c59270c3fd7afecdb556c50c9e8de78 -> 
  custom:AudioImporter_EditorPlatform: 3918e3fc78b5a79bad01e8451be0beb8 -> 
  custom:framework-osx-AVFoundation: e770b220cccbd017edd2c1fefb359320 -> 
  custom:video-encoder-webm-vp8: eb34c28f22e8b96e1ab97ce403110664 -> 
  custom:audio-decoder-ogg-vorbis: bf7c407c2cedff20999df2af8eb42d56 -> 
  custom:audio-encoder-webm-vorbis: bf7c407c2cedff20999df2af8eb42d56 -> 
========================================================================
Received Prepare
Begin MonoManager ReloadAssembly
w32error-unix.c: unknown error (60) "Operation timed out"
IOException: Win32 IO returned ERROR_NOT_SUPPORTED. Path: /Users/muneerahmed/Documents/GitHub/newUi.G/My project (13)/ProjectSettings/Packages/com.unity.testtools.codecoverage/Settings.json
  at System.IO.FileStream..ctor (System.String path, System.IO.FileMode mode, System.IO.FileAccess access, System.IO.FileShare share, System.Int32 bufferSize, System.Boolean anonymous, System.IO.FileOptions options) [0x0019e] in <eaa95166e74c4ae1a419b6aa5baf90b9>:0 
  at System.IO.FileStream..ctor (System.String path, System.IO.FileMode mode, System.IO.FileAccess access, System.IO.FileShare share, System.Int32 bufferSize, System.IO.FileOptions options) [0x00000] in <eaa95166e74c4ae1a419b6aa5baf90b9>:0 
  at (wrapper remoting-invoke-with-check) System.IO.FileStream..ctor(string,System.IO.FileMode,System.IO.FileAccess,System.IO.FileShare,int,System.IO.FileOptions)
  at System.IO.StreamWriter..ctor (System.String path, System.Boolean append, System.Text.Encoding encoding, System.Int32 bufferSize) [0x00055] in <eaa95166e74c4ae1a419b6aa5baf90b9>:0 
  at System.IO.StreamWriter..ctor (System.String path) [0x00008] in <eaa95166e74c4ae1a419b6aa5baf90b9>:0 
  at (wrapper remoting-invoke-with-check) System.IO.StreamWriter..ctor(string)
  at System.IO.File.WriteAllText (System.String path, System.String contents) [0x00026] in <eaa95166e74c4ae1a419b6aa5baf90b9>:0 
  at UnityEditor.SettingsManagement.FileSettingsRepository.Save () [0x000e2] in ./Library/PackageCache/com.unity.settings-manager@2.0.1/Editor/FileSettingsRepository.cs:154 
  at UnityEditor.AssemblyReloadEvents.OnBeforeAssemblyReload () [0x00017] in /Users/bokken/build/output/unity/unity/Editor/Mono/AssemblyReloadEvents.cs:27 

(Filename: ./Library/PackageCache/com.unity.settings-manager@2.0.1/Editor/FileSettingsRepository.cs Line: 154)

Thread 0x16dac7000 may have been prematurely finalized
Symbol file LoadedFromMemory doesn't match image /Users/muneerahmed/Documents/GitHub/newUi.G/My project (13)/Library/PackageCache/com.unity.visualscripting@1.8.0/Editor/VisualScripting.Core/Dependencies/YamlDotNet/Unity.VisualScripting.YamlDotNet.dll
Symbol file LoadedFromMemory doesn't match image /Users/muneerahmed/Documents/GitHub/newUi.G/My project (13)/Library/PackageCache/com.unity.visualscripting@1.8.0/Editor/VisualScripting.Core/Dependencies/DotNetZip/Unity.VisualScripting.IonicZip.dll
- Loaded All Assemblies, in  0.508 seconds
Refreshing native plugins compatible for Editor in 0.88 ms, found 2 plugins.
Native extension for Android target not found
Native extension for OSXStandalone target not found
w32error-unix.c: unknown error (60) "Operation timed out"
System.IO.IOException: Win32 IO returned ERROR_NOT_SUPPORTED. Path: /Users/muneerahmed/Documents/GitHub/newUi.G/My project (13)/ProjectSettings/Packages/com.unity.testtools.codecoverage/Settings.json
  at System.IO.FileStream.ReadData (System.Runtime.InteropServices.SafeHandle safeHandle, System.Byte[] buf, System.Int32 offset, System.Int32 count) [0x0002d] in <eaa95166e74c4ae1a419b6aa5baf90b9>:0 
  at System.IO.FileStream.ReadInternal (System.Byte[] dest, System.Int32 offset, System.Int32 count) [0x00026] in <eaa95166e74c4ae1a419b6aa5baf90b9>:0 
  at System.IO.FileStream.Read (System.Byte[] array, System.Int32 offset, System.Int32 count) [0x000a1] in <eaa95166e74c4ae1a419b6aa5baf90b9>:0 
  at System.IO.StreamReader.ReadBuffer () [0x00028] in <eaa95166e74c4ae1a419b6aa5baf90b9>:0 
  at System.IO.StreamReader.ReadToEnd () [0x00059] in <eaa95166e74c4ae1a419b6aa5baf90b9>:0 
  at System.IO.File.InternalReadAllText (System.String path, System.Text.Encoding encoding) [0x00009] in <eaa95166e74c4ae1a419b6aa5baf90b9>:0 
  at System.IO.File.ReadAllText (System.String path) [0x0002c] in <eaa95166e74c4ae1a419b6aa5baf90b9>:0 
  at UnityEditor.SettingsManagement.FileSettingsRepository.TryLoadSavedJson (System.String& json) [0x00016] in ./Library/PackageCache/com.unity.settings-manager@2.0.1/Editor/FileSettingsRepository.cs:104 
  at UnityEditor.SettingsManagement.FileSettingsRepository.Init () [0x00010] in ./Library/PackageCache/com.unity.settings-manager@2.0.1/Editor/FileSettingsRepository.cs:53 
  at UnityEditor.SettingsManagement.FileSettingsRepository.ContainsKey[T] (System.String key) [0x00000] in ./Library/PackageCache/com.unity.settings-manager@2.0.1/Editor/FileSettingsRepository.cs:198 
  at UnityEditor.SettingsManagement.Settings.ContainsKey[T,K] (System.String key, System.String repositoryName) [0x0002d] in ./Library/PackageCache/com.unity.settings-manager@2.0.1/Editor/Settings.cs:249 
  at UnityEditor.SettingsManagement.Settings.ContainsKey[T] (System.String key, UnityEditor.SettingsScope scope) [0x00004] in ./Library/PackageCache/com.unity.settings-manager@2.0.1/Editor/Settings.cs:217 
  at UnityEditor.TestTools.CodeCoverage.CoveragePreferencesImplementation.GetBool (System.String key, System.Boolean defaultValue, UnityEditor.SettingsScope scope) [0x00000] in ./Library/PackageCache/com.unity.testtools.codecoverage@1.2.4/Editor/CoveragePreferences.cs:40 
  at UnityEditor.TestTools.CodeCoverage.CoverageReporterStarter..cctor () [0x0000c] in ./Library/PackageCache/com.unity.testtools.codecoverage@1.2.4/Editor/CoverageReporterListener.cs:148 
UnityEngine.StackTraceUtility:ExtractStackTrace () (at /Users/bokken/build/output/unity/unity/Runtime/Export/Scripting/StackTrace.cs:37)
UnityEngine.DebugLogHandler:LogFormat (UnityEngine.LogType,UnityEngine.Object,string,object[])
UnityEngine.Logger:Log (UnityEngine.LogType,object)
UnityEngine.Debug:LogError (object)
UnityEditor.EditorAssemblies:ProcessInitializeOnLoadAttributes (System.Type[]) (at /Users/bokken/build/output/unity/unity/Editor/Mono/EditorAssemblies.cs:123)

(Filename: /Users/bokken/build/output/unity/unity/Editor/Mono/EditorAssemblies.cs Line: 123)

Mono: successfully reloaded assembly
- Finished resetting the current domain, in  0.771 seconds
Domain Reload Profiling: 1280ms
	BeginReloadAssembly (133ms)
		ExecutionOrderSort (0ms)
		DisableScriptedObjects (3ms)
		BackupInstance (0ms)
		ReleaseScriptingObjects (0ms)
		CreateAndSetChildDomain (43ms)
	RebuildCommonClasses (23ms)
	RebuildNativeTypeToScriptingClass (8ms)
	initialDomainReloadingComplete (14ms)
	LoadAllAssembliesAndSetupDomain (331ms)
		LoadAssemblies (174ms)
		RebuildTransferFunctionScriptingTraits (0ms)
		AnalyzeDomain (186ms)
			TypeCache.Refresh (183ms)
				TypeCache.ScanAssembly (176ms)
			ScanForSourceGeneratedMonoScriptInfo (0ms)
			ResolveRequiredComponents (3ms)
	FinalizeReload (771ms)
		ReleaseScriptCaches (0ms)
		RebuildScriptCaches (0ms)
		SetupLoadedEditorAssemblies (271ms)
			LogAssemblyErrors (0ms)
			InitializePlatformSupportModulesInManaged (16ms)
			SetLoadedEditorAssemblies (3ms)
			RefreshPlugins (0ms)
			BeforeProcessingInitializeOnLoad (36ms)
			ProcessInitializeOnLoadAttributes (206ms)
			ProcessInitializeOnLoadMethodAttributes (10ms)
			AfterProcessingInitializeOnLoad (1ms)
			EditorAssembliesLoaded (0ms)
		ExecutionOrderSort2 (0ms)
		AwakeInstancesAfterBackupRestoration (2ms)
Refreshing native plugins compatible for Editor in 0.99 ms, found 2 plugins.
Preloading 0 native plugins for Editor in 0.00 ms.
Unloading 3439 Unused Serialized files (Serialized files now loaded: 0)
Unloading 23 unused Assets / (31.2 KB). Loaded Objects now: 3938.
Memory consumption went from 172.3 MB to 172.2 MB.
Total: 2.749209 ms (FindLiveObjects: 0.165833 ms CreateObjectMapping: 0.044625 ms MarkObjects: 2.458041 ms  DeleteObjects: 0.080167 ms)

Prepare: number of updated asset objects reloaded= 0
AssetImportParameters requested are different than current active one (requested -> active):
  custom:container-demuxer-ogg: 62fdf1f143b41e24485cea50d1cbac27 -> 
  custom:video-decoder-ogg-theora: a1e56fd34408186e4bbccfd4996cb3dc -> 
  custom:CustomObjectIndexerAttribute: 756ad292c208cfabdd7b50bc23989ffe -> 
  custom:container-demuxer-webm: 4f35f7cbe854078d1ac9338744f61a02 -> 
  custom:container-muxer-webm: aa71ff27fc2769a1b78a27578f13a17b -> 
  custom:video-decoder-webm-vp8: 9c59270c3fd7afecdb556c50c9e8de78 -> 
  custom:AudioImporter_EditorPlatform: 3918e3fc78b5a79bad01e8451be0beb8 -> 
  custom:framework-osx-AVFoundation: e770b220cccbd017edd2c1fefb359320 -> 
  custom:video-encoder-webm-vp8: eb34c28f22e8b96e1ab97ce403110664 -> 
  custom:audio-decoder-ogg-vorbis: bf7c407c2cedff20999df2af8eb42d56 -> 
  custom:audio-encoder-webm-vorbis: bf7c407c2cedff20999df2af8eb42d56 -> 
